<?xml version="1.0" encoding="utf-8" standalone="no"?>
<!--This file represents the results of running a test suite-->
<test-results name="C:\code\.NET\DeployBoard\DeployBoard\DeployBoard.Specs\bin\Debug\DeployBoard.Specs.dll" total="1" errors="0" failures="0" not-run="0" inconclusive="0" ignored="0" skipped="0" invalid="0" date="2011-11-15" time="08:38:01">
  <environment nunit-version="2.5.10.11092" clr-version="2.0.50727.5448" os-version="Microsoft Windows NT 6.1.7601 Service Pack 1" platform="Win32NT" cwd="C:\code\.NET\DeployBoard\DeployBoard\tools\nunit" machine-name="CINT-LT189" user="timrom" user-domain="CINT" />
  <culture-info current-culture="sv-SE" current-uiculture="en-US" />
  <test-suite type="Assembly" name="C:\code\.NET\DeployBoard\DeployBoard\DeployBoard.Specs\bin\Debug\DeployBoard.Specs.dll" executed="True" result="Success" success="True" time="0.036" asserts="0">
    <results>
      <test-suite type="Namespace" name="DeployBoard" executed="True" result="Success" success="True" time="0.025" asserts="0">
        <results>
          <test-suite type="Namespace" name="Controllers" executed="True" result="Success" success="True" time="0.024" asserts="0">
            <results>
              <test-suite type="Description" name="HomeController" executed="True" result="Success" success="True" time="0.024" asserts="0">
                <results>
                  <test-case name="DeployBoard.Controllers.HomeController.hej" executed="True" result="Success" success="True" time="0.013" asserts="0" />
                </results>
              </test-suite>
            </results>
          </test-suite>
        </results>
      </test-suite>
    </results>
  </test-suite>
</test-results>