<?xml version="1.0" encoding="utf-8" standalone="no"?>
<!--This file represents the results of running a test suite-->
<test-results name="C:\code\.NET\DeployBoard\DeployBoard\DeployBoard\bin\DeployBoard.dll" total="0" errors="0" failures="0" not-run="0" inconclusive="0" ignored="0" skipped="0" invalid="0" date="2011-11-14" time="16:55:50">
  <environment nunit-version="2.5.10.11092" clr-version="2.0.50727.5448" os-version="Microsoft Windows NT 6.1.7601 Service Pack 1" platform="Win32NT" cwd="C:\code\.NET\DeployBoard\DeployBoard\tools\nunit" machine-name="CINT-LT189" user="timrom" user-domain="CINT" />
  <culture-info current-culture="sv-SE" current-uiculture="en-US" />
  <test-suite type="Assembly" name="C:\code\.NET\DeployBoard\DeployBoard\DeployBoard\bin\DeployBoard.dll" executed="True" result="Inconclusive" success="False" time="0.014" asserts="0" />
</test-results>